<?xml version="1.0" encoding="UTF-8"?>
<testng-results skipped="0" failed="1" total="19" passed="18">
  <reporter-output>
  </reporter-output>
  <suite name="Default suite" duration-ms="2422025" started-at="2015-06-15T11:39:40Z" finished-at="2015-06-15T12:20:02Z">
    <groups>
      <group name="BrowserCertificationTestCase">
        <method signature="HomePageTC.BreakingNews()[pri:0, instance:test.HomePageTC@3dbd83b2]" name="BreakingNews" class="test.HomePageTC"/>
        <method signature="HomePageTC.CanadianPressReleases()[pri:0, instance:test.HomePageTC@3dbd83b2]" name="CanadianPressReleases" class="test.HomePageTC"/>
        <method signature="HomePageTC.CheckCommoditySection()[pri:0, instance:test.HomePageTC@3dbd83b2]" name="CheckCommoditySection" class="test.HomePageTC"/>
        <method signature="HomePageTC.CheckCurrenciesSection()[pri:0, instance:test.HomePageTC@3dbd83b2]" name="CheckCurrenciesSection" class="test.HomePageTC"/>
        <method signature="HomePageTC.CheckInitialMarketSection()[pri:0, instance:test.HomePageTC@3dbd83b2]" name="CheckInitialMarketSection" class="test.HomePageTC"/>
        <method signature="HomePageTC.CheckMarketSection()[pri:0, instance:test.HomePageTC@3dbd83b2]" name="CheckMarketSection" class="test.HomePageTC"/>
        <method signature="HomePageTC.Columnists()[pri:0, instance:test.HomePageTC@3dbd83b2]" name="Columnists" class="test.HomePageTC"/>
        <method signature="HomePageTC.Commodity()[pri:0, instance:test.HomePageTC@3dbd83b2]" name="Commodity" class="test.HomePageTC"/>
        <method signature="HomePageTC.Currencies()[pri:0, instance:test.HomePageTC@3dbd83b2]" name="Currencies" class="test.HomePageTC"/>
        <method signature="HomePageTC.FeaturedCompany()[pri:0, instance:test.HomePageTC@3dbd83b2]" name="FeaturedCompany" class="test.HomePageTC"/>
        <method signature="HomePageTC.InitialMarket()[pri:0, instance:test.HomePageTC@3dbd83b2]" name="InitialMarket" class="test.HomePageTC"/>
        <method signature="HomePageTC.Interviews()[pri:0, instance:test.HomePageTC@3dbd83b2]" name="Interviews" class="test.HomePageTC"/>
        <method signature="HomePageTC.Market()[pri:0, instance:test.HomePageTC@3dbd83b2]" name="Market" class="test.HomePageTC"/>
        <method signature="HomePageTC.MarketUpdate()[pri:0, instance:test.HomePageTC@3dbd83b2]" name="MarketUpdate" class="test.HomePageTC"/>
        <method signature="HomePageTC.OpinionAndAnalysis()[pri:0, instance:test.HomePageTC@3dbd83b2]" name="OpinionAndAnalysis" class="test.HomePageTC"/>
        <method signature="HomePageTC.PrivateEquity()[pri:0, instance:test.HomePageTC@3dbd83b2]" name="PrivateEquity" class="test.HomePageTC"/>
        <method signature="HomePageTC.ShowcaseNewsRelease()[pri:0, instance:test.HomePageTC@3dbd83b2]" name="ShowcaseNewsRelease" class="test.HomePageTC"/>
        <method signature="HomePageTC.USPressReleases()[pri:0, instance:test.HomePageTC@3dbd83b2]" name="USPressReleases" class="test.HomePageTC"/>
        <method signature="HomePageTC.VideoShowcase()[pri:0, instance:test.HomePageTC@3dbd83b2]" name="VideoShowcase" class="test.HomePageTC"/>
      </group> <!-- BrowserCertificationTestCase -->
    </groups>
    <test name="Default test" duration-ms="2422025" started-at="2015-06-15T11:39:40Z" finished-at="2015-06-15T12:20:02Z">
      <class name="test.HomePageTC">
        <test-method status="PASS" signature="InitializeSuit()[pri:0, instance:test.HomePageTC@3dbd83b2]" name="InitializeSuit" is-config="true" duration-ms="53296" started-at="2015-06-15T17:08:46Z" finished-at="2015-06-15T17:09:40Z">
          <reporter-output>
          </reporter-output>
        </test-method> <!-- InitializeSuit -->
        <test-method status="PASS" signature="InitialiseTest()[pri:0, instance:test.HomePageTC@3dbd83b2]" name="InitialiseTest" is-config="true" duration-ms="16146" started-at="2015-06-15T17:09:40Z" finished-at="2015-06-15T17:09:56Z">
          <reporter-output>
          </reporter-output>
        </test-method> <!-- InitialiseTest -->
        <test-method status="PASS" signature="CheckCommoditySection()[pri:0, instance:test.HomePageTC@3dbd83b2]" name="CheckCommoditySection" duration-ms="41150" started-at="2015-06-15T17:09:56Z" finished-at="2015-06-15T17:10:37Z">
          <reporter-output>
          </reporter-output>
        </test-method> <!-- CheckCommoditySection -->
        <test-method status="PASS" signature="quit(org.testng.ITestResult)[pri:0, instance:test.HomePageTC@3dbd83b2]" name="quit" is-config="true" duration-ms="2138" started-at="2015-06-15T17:10:37Z" finished-at="2015-06-15T17:10:39Z">
          <params>
            <param index="0">
              <value>
                <![CDATA[[TestResult name=CheckCommoditySection status=SUCCESS method=HomePageTC.CheckCommoditySection()[pri:0, instance:test.HomePageTC@3dbd83b2] output={null}]]]>
              </value>
            </param>
          </params>
          <reporter-output>
          </reporter-output>
        </test-method> <!-- quit -->
        <test-method status="PASS" signature="InitialiseTest()[pri:0, instance:test.HomePageTC@3dbd83b2]" name="InitialiseTest" is-config="true" duration-ms="42927" started-at="2015-06-15T17:10:39Z" finished-at="2015-06-15T17:11:22Z">
          <reporter-output>
          </reporter-output>
        </test-method> <!-- InitialiseTest -->
        <test-method status="PASS" signature="CheckCurrenciesSection()[pri:0, instance:test.HomePageTC@3dbd83b2]" name="CheckCurrenciesSection" duration-ms="43472" started-at="2015-06-15T17:11:22Z" finished-at="2015-06-15T17:12:05Z">
          <reporter-output>
          </reporter-output>
        </test-method> <!-- CheckCurrenciesSection -->
        <test-method status="PASS" signature="quit(org.testng.ITestResult)[pri:0, instance:test.HomePageTC@3dbd83b2]" name="quit" is-config="true" duration-ms="700" started-at="2015-06-15T17:12:05Z" finished-at="2015-06-15T17:12:06Z">
          <params>
            <param index="0">
              <value>
                <![CDATA[[TestResult name=CheckCurrenciesSection status=SUCCESS method=HomePageTC.CheckCurrenciesSection()[pri:0, instance:test.HomePageTC@3dbd83b2] output={null}]]]>
              </value>
            </param>
          </params>
          <reporter-output>
          </reporter-output>
        </test-method> <!-- quit -->
        <test-method status="PASS" signature="InitialiseTest()[pri:0, instance:test.HomePageTC@3dbd83b2]" name="InitialiseTest" is-config="true" duration-ms="52813" started-at="2015-06-15T17:12:06Z" finished-at="2015-06-15T17:12:59Z">
          <reporter-output>
          </reporter-output>
        </test-method> <!-- InitialiseTest -->
        <test-method status="PASS" signature="CheckMarketSection()[pri:0, instance:test.HomePageTC@3dbd83b2]" name="CheckMarketSection" duration-ms="41131" started-at="2015-06-15T17:12:59Z" finished-at="2015-06-15T17:13:40Z">
          <reporter-output>
          </reporter-output>
        </test-method> <!-- CheckMarketSection -->
        <test-method status="PASS" signature="quit(org.testng.ITestResult)[pri:0, instance:test.HomePageTC@3dbd83b2]" name="quit" is-config="true" duration-ms="870" started-at="2015-06-15T17:13:40Z" finished-at="2015-06-15T17:13:41Z">
          <params>
            <param index="0">
              <value>
                <![CDATA[[TestResult name=CheckMarketSection status=SUCCESS method=HomePageTC.CheckMarketSection()[pri:0, instance:test.HomePageTC@3dbd83b2] output={null}]]]>
              </value>
            </param>
          </params>
          <reporter-output>
          </reporter-output>
        </test-method> <!-- quit -->
        <test-method status="PASS" signature="InitialiseTest()[pri:0, instance:test.HomePageTC@3dbd83b2]" name="InitialiseTest" is-config="true" duration-ms="54267" started-at="2015-06-15T17:13:41Z" finished-at="2015-06-15T17:14:35Z">
          <reporter-output>
          </reporter-output>
        </test-method> <!-- InitialiseTest -->
        <test-method status="PASS" signature="CheckInitialMarketSection()[pri:0, instance:test.HomePageTC@3dbd83b2]" name="CheckInitialMarketSection" duration-ms="51412" started-at="2015-06-15T17:14:35Z" finished-at="2015-06-15T17:15:27Z">
          <reporter-output>
          </reporter-output>
        </test-method> <!-- CheckInitialMarketSection -->
        <test-method status="PASS" signature="quit(org.testng.ITestResult)[pri:0, instance:test.HomePageTC@3dbd83b2]" name="quit" is-config="true" duration-ms="847" started-at="2015-06-15T17:15:27Z" finished-at="2015-06-15T17:15:27Z">
          <params>
            <param index="0">
              <value>
                <![CDATA[[TestResult name=CheckInitialMarketSection status=SUCCESS method=HomePageTC.CheckInitialMarketSection()[pri:0, instance:test.HomePageTC@3dbd83b2] output={null}]]]>
              </value>
            </param>
          </params>
          <reporter-output>
          </reporter-output>
        </test-method> <!-- quit -->
        <test-method status="PASS" signature="InitialiseTest()[pri:0, instance:test.HomePageTC@3dbd83b2]" name="InitialiseTest" is-config="true" duration-ms="42293" started-at="2015-06-15T17:15:27Z" finished-at="2015-06-15T17:16:10Z">
          <reporter-output>
          </reporter-output>
        </test-method> <!-- InitialiseTest -->
        <test-method status="PASS" signature="Commodity()[pri:0, instance:test.HomePageTC@3dbd83b2]" name="Commodity" duration-ms="61523" started-at="2015-06-15T17:16:10Z" finished-at="2015-06-15T17:17:11Z">
          <reporter-output>
          </reporter-output>
        </test-method> <!-- Commodity -->
        <test-method status="PASS" signature="quit(org.testng.ITestResult)[pri:0, instance:test.HomePageTC@3dbd83b2]" name="quit" is-config="true" duration-ms="690" started-at="2015-06-15T17:17:11Z" finished-at="2015-06-15T17:17:12Z">
          <params>
            <param index="0">
              <value>
                <![CDATA[[TestResult name=Commodity status=SUCCESS method=HomePageTC.Commodity()[pri:0, instance:test.HomePageTC@3dbd83b2] output={null}]]]>
              </value>
            </param>
          </params>
          <reporter-output>
          </reporter-output>
        </test-method> <!-- quit -->
        <test-method status="PASS" signature="InitialiseTest()[pri:0, instance:test.HomePageTC@3dbd83b2]" name="InitialiseTest" is-config="true" duration-ms="53909" started-at="2015-06-15T17:17:12Z" finished-at="2015-06-15T17:18:06Z">
          <reporter-output>
          </reporter-output>
        </test-method> <!-- InitialiseTest -->
        <test-method status="PASS" signature="Currencies()[pri:0, instance:test.HomePageTC@3dbd83b2]" name="Currencies" duration-ms="62677" started-at="2015-06-15T17:18:06Z" finished-at="2015-06-15T17:19:09Z">
          <reporter-output>
          </reporter-output>
        </test-method> <!-- Currencies -->
        <test-method status="PASS" signature="quit(org.testng.ITestResult)[pri:0, instance:test.HomePageTC@3dbd83b2]" name="quit" is-config="true" duration-ms="838" started-at="2015-06-15T17:19:09Z" finished-at="2015-06-15T17:19:09Z">
          <params>
            <param index="0">
              <value>
                <![CDATA[[TestResult name=Currencies status=SUCCESS method=HomePageTC.Currencies()[pri:0, instance:test.HomePageTC@3dbd83b2] output={null}]]]>
              </value>
            </param>
          </params>
          <reporter-output>
          </reporter-output>
        </test-method> <!-- quit -->
        <test-method status="PASS" signature="InitialiseTest()[pri:0, instance:test.HomePageTC@3dbd83b2]" name="InitialiseTest" is-config="true" duration-ms="42977" started-at="2015-06-15T17:19:09Z" finished-at="2015-06-15T17:19:52Z">
          <reporter-output>
          </reporter-output>
        </test-method> <!-- InitialiseTest -->
        <test-method status="PASS" signature="Market()[pri:0, instance:test.HomePageTC@3dbd83b2]" name="Market" duration-ms="48844" started-at="2015-06-15T17:19:52Z" finished-at="2015-06-15T17:20:41Z">
          <reporter-output>
          </reporter-output>
        </test-method> <!-- Market -->
        <test-method status="PASS" signature="quit(org.testng.ITestResult)[pri:0, instance:test.HomePageTC@3dbd83b2]" name="quit" is-config="true" duration-ms="1143" started-at="2015-06-15T17:20:41Z" finished-at="2015-06-15T17:20:42Z">
          <params>
            <param index="0">
              <value>
                <![CDATA[[TestResult name=Market status=SUCCESS method=HomePageTC.Market()[pri:0, instance:test.HomePageTC@3dbd83b2] output={null}]]]>
              </value>
            </param>
          </params>
          <reporter-output>
          </reporter-output>
        </test-method> <!-- quit -->
        <test-method status="PASS" signature="InitialiseTest()[pri:0, instance:test.HomePageTC@3dbd83b2]" name="InitialiseTest" is-config="true" duration-ms="69218" started-at="2015-06-15T17:20:42Z" finished-at="2015-06-15T17:21:52Z">
          <reporter-output>
          </reporter-output>
        </test-method> <!-- InitialiseTest -->
        <test-method status="PASS" signature="InitialMarket()[pri:0, instance:test.HomePageTC@3dbd83b2]" name="InitialMarket" duration-ms="62015" started-at="2015-06-15T17:21:52Z" finished-at="2015-06-15T17:22:54Z">
          <reporter-output>
          </reporter-output>
        </test-method> <!-- InitialMarket -->
        <test-method status="PASS" signature="quit(org.testng.ITestResult)[pri:0, instance:test.HomePageTC@3dbd83b2]" name="quit" is-config="true" duration-ms="1094" started-at="2015-06-15T17:22:54Z" finished-at="2015-06-15T17:22:55Z">
          <params>
            <param index="0">
              <value>
                <![CDATA[[TestResult name=InitialMarket status=SUCCESS method=HomePageTC.InitialMarket()[pri:0, instance:test.HomePageTC@3dbd83b2] output={null}]]]>
              </value>
            </param>
          </params>
          <reporter-output>
          </reporter-output>
        </test-method> <!-- quit -->
        <test-method status="PASS" signature="InitialiseTest()[pri:0, instance:test.HomePageTC@3dbd83b2]" name="InitialiseTest" is-config="true" duration-ms="95202" started-at="2015-06-15T17:22:55Z" finished-at="2015-06-15T17:24:30Z">
          <reporter-output>
          </reporter-output>
        </test-method> <!-- InitialiseTest -->
        <test-method status="PASS" signature="MarketUpdate()[pri:0, instance:test.HomePageTC@3dbd83b2]" name="MarketUpdate" duration-ms="80775" started-at="2015-06-15T17:24:30Z" finished-at="2015-06-15T17:25:51Z">
          <reporter-output>
          </reporter-output>
        </test-method> <!-- MarketUpdate -->
        <test-method status="PASS" signature="quit(org.testng.ITestResult)[pri:0, instance:test.HomePageTC@3dbd83b2]" name="quit" is-config="true" duration-ms="1117" started-at="2015-06-15T17:25:51Z" finished-at="2015-06-15T17:25:52Z">
          <params>
            <param index="0">
              <value>
                <![CDATA[[TestResult name=MarketUpdate status=SUCCESS method=HomePageTC.MarketUpdate()[pri:0, instance:test.HomePageTC@3dbd83b2] output={null}]]]>
              </value>
            </param>
          </params>
          <reporter-output>
          </reporter-output>
        </test-method> <!-- quit -->
        <test-method status="PASS" signature="InitialiseTest()[pri:0, instance:test.HomePageTC@3dbd83b2]" name="InitialiseTest" is-config="true" duration-ms="109430" started-at="2015-06-15T17:25:52Z" finished-at="2015-06-15T17:27:41Z">
          <reporter-output>
          </reporter-output>
        </test-method> <!-- InitialiseTest -->
        <test-method status="PASS" signature="Columnists()[pri:0, instance:test.HomePageTC@3dbd83b2]" name="Columnists" duration-ms="86532" started-at="2015-06-15T17:27:41Z" finished-at="2015-06-15T17:29:08Z">
          <reporter-output>
          </reporter-output>
        </test-method> <!-- Columnists -->
        <test-method status="PASS" signature="quit(org.testng.ITestResult)[pri:0, instance:test.HomePageTC@3dbd83b2]" name="quit" is-config="true" duration-ms="1105" started-at="2015-06-15T17:29:08Z" finished-at="2015-06-15T17:29:09Z">
          <params>
            <param index="0">
              <value>
                <![CDATA[[TestResult name=Columnists status=SUCCESS method=HomePageTC.Columnists()[pri:0, instance:test.HomePageTC@3dbd83b2] output={null}]]]>
              </value>
            </param>
          </params>
          <reporter-output>
          </reporter-output>
        </test-method> <!-- quit -->
        <test-method status="PASS" signature="InitialiseTest()[pri:0, instance:test.HomePageTC@3dbd83b2]" name="InitialiseTest" is-config="true" duration-ms="78295" started-at="2015-06-15T17:29:09Z" finished-at="2015-06-15T17:30:27Z">
          <reporter-output>
          </reporter-output>
        </test-method> <!-- InitialiseTest -->
        <test-method status="PASS" signature="BreakingNews()[pri:0, instance:test.HomePageTC@3dbd83b2]" name="BreakingNews" duration-ms="61005" started-at="2015-06-15T17:30:27Z" finished-at="2015-06-15T17:31:28Z">
          <reporter-output>
          </reporter-output>
        </test-method> <!-- BreakingNews -->
        <test-method status="PASS" signature="quit(org.testng.ITestResult)[pri:0, instance:test.HomePageTC@3dbd83b2]" name="quit" is-config="true" duration-ms="1122" started-at="2015-06-15T17:31:28Z" finished-at="2015-06-15T17:31:29Z">
          <params>
            <param index="0">
              <value>
                <![CDATA[[TestResult name=BreakingNews status=SUCCESS method=HomePageTC.BreakingNews()[pri:0, instance:test.HomePageTC@3dbd83b2] output={null}]]]>
              </value>
            </param>
          </params>
          <reporter-output>
          </reporter-output>
        </test-method> <!-- quit -->
        <test-method status="PASS" signature="InitialiseTest()[pri:0, instance:test.HomePageTC@3dbd83b2]" name="InitialiseTest" is-config="true" duration-ms="57691" started-at="2015-06-15T17:31:29Z" finished-at="2015-06-15T17:32:27Z">
          <reporter-output>
          </reporter-output>
        </test-method> <!-- InitialiseTest -->
        <test-method status="PASS" signature="Interviews()[pri:0, instance:test.HomePageTC@3dbd83b2]" name="Interviews" duration-ms="100888" started-at="2015-06-15T17:32:27Z" finished-at="2015-06-15T17:34:08Z">
          <reporter-output>
          </reporter-output>
        </test-method> <!-- Interviews -->
        <test-method status="PASS" signature="quit(org.testng.ITestResult)[pri:0, instance:test.HomePageTC@3dbd83b2]" name="quit" is-config="true" duration-ms="1228" started-at="2015-06-15T17:34:08Z" finished-at="2015-06-15T17:34:09Z">
          <params>
            <param index="0">
              <value>
                <![CDATA[[TestResult name=Interviews status=SUCCESS method=HomePageTC.Interviews()[pri:0, instance:test.HomePageTC@3dbd83b2] output={null}]]]>
              </value>
            </param>
          </params>
          <reporter-output>
          </reporter-output>
        </test-method> <!-- quit -->
        <test-method status="PASS" signature="InitialiseTest()[pri:0, instance:test.HomePageTC@3dbd83b2]" name="InitialiseTest" is-config="true" duration-ms="29520" started-at="2015-06-15T17:34:09Z" finished-at="2015-06-15T17:34:39Z">
          <reporter-output>
          </reporter-output>
        </test-method> <!-- InitialiseTest -->
        <test-method status="PASS" signature="OpinionAndAnalysis()[pri:0, instance:test.HomePageTC@3dbd83b2]" name="OpinionAndAnalysis" duration-ms="60803" started-at="2015-06-15T17:34:39Z" finished-at="2015-06-15T17:35:39Z">
          <reporter-output>
          </reporter-output>
        </test-method> <!-- OpinionAndAnalysis -->
        <test-method status="PASS" signature="quit(org.testng.ITestResult)[pri:0, instance:test.HomePageTC@3dbd83b2]" name="quit" is-config="true" duration-ms="965" started-at="2015-06-15T17:35:39Z" finished-at="2015-06-15T17:35:40Z">
          <params>
            <param index="0">
              <value>
                <![CDATA[[TestResult name=OpinionAndAnalysis status=SUCCESS method=HomePageTC.OpinionAndAnalysis()[pri:0, instance:test.HomePageTC@3dbd83b2] output={null}]]]>
              </value>
            </param>
          </params>
          <reporter-output>
          </reporter-output>
        </test-method> <!-- quit -->
        <test-method status="PASS" signature="InitialiseTest()[pri:0, instance:test.HomePageTC@3dbd83b2]" name="InitialiseTest" is-config="true" duration-ms="49945" started-at="2015-06-15T17:35:40Z" finished-at="2015-06-15T17:36:30Z">
          <reporter-output>
          </reporter-output>
        </test-method> <!-- InitialiseTest -->
        <test-method status="PASS" signature="CanadianPressReleases()[pri:0, instance:test.HomePageTC@3dbd83b2]" name="CanadianPressReleases" duration-ms="60941" started-at="2015-06-15T17:36:30Z" finished-at="2015-06-15T17:37:31Z">
          <reporter-output>
          </reporter-output>
        </test-method> <!-- CanadianPressReleases -->
        <test-method status="PASS" signature="quit(org.testng.ITestResult)[pri:0, instance:test.HomePageTC@3dbd83b2]" name="quit" is-config="true" duration-ms="983" started-at="2015-06-15T17:37:31Z" finished-at="2015-06-15T17:37:32Z">
          <params>
            <param index="0">
              <value>
                <![CDATA[[TestResult name=CanadianPressReleases status=SUCCESS method=HomePageTC.CanadianPressReleases()[pri:0, instance:test.HomePageTC@3dbd83b2] output={null}]]]>
              </value>
            </param>
          </params>
          <reporter-output>
          </reporter-output>
        </test-method> <!-- quit -->
        <test-method status="PASS" signature="InitialiseTest()[pri:0, instance:test.HomePageTC@3dbd83b2]" name="InitialiseTest" is-config="true" duration-ms="65082" started-at="2015-06-15T17:37:32Z" finished-at="2015-06-15T17:38:37Z">
          <reporter-output>
          </reporter-output>
        </test-method> <!-- InitialiseTest -->
        <test-method status="PASS" signature="USPressReleases()[pri:0, instance:test.HomePageTC@3dbd83b2]" name="USPressReleases" duration-ms="61290" started-at="2015-06-15T17:38:37Z" finished-at="2015-06-15T17:39:39Z">
          <reporter-output>
          </reporter-output>
        </test-method> <!-- USPressReleases -->
        <test-method status="PASS" signature="quit(org.testng.ITestResult)[pri:0, instance:test.HomePageTC@3dbd83b2]" name="quit" is-config="true" duration-ms="3183" started-at="2015-06-15T17:39:39Z" finished-at="2015-06-15T17:39:42Z">
          <params>
            <param index="0">
              <value>
                <![CDATA[[TestResult name=USPressReleases status=SUCCESS method=HomePageTC.USPressReleases()[pri:0, instance:test.HomePageTC@3dbd83b2] output={null}]]]>
              </value>
            </param>
          </params>
          <reporter-output>
          </reporter-output>
        </test-method> <!-- quit -->
        <test-method status="PASS" signature="InitialiseTest()[pri:0, instance:test.HomePageTC@3dbd83b2]" name="InitialiseTest" is-config="true" duration-ms="97363" started-at="2015-06-15T17:39:42Z" finished-at="2015-06-15T17:41:19Z">
          <reporter-output>
          </reporter-output>
        </test-method> <!-- InitialiseTest -->
        <test-method status="PASS" signature="ShowcaseNewsRelease()[pri:0, instance:test.HomePageTC@3dbd83b2]" name="ShowcaseNewsRelease" duration-ms="61120" started-at="2015-06-15T17:41:19Z" finished-at="2015-06-15T17:42:20Z">
          <reporter-output>
          </reporter-output>
        </test-method> <!-- ShowcaseNewsRelease -->
        <test-method status="PASS" signature="quit(org.testng.ITestResult)[pri:0, instance:test.HomePageTC@3dbd83b2]" name="quit" is-config="true" duration-ms="1627" started-at="2015-06-15T17:42:20Z" finished-at="2015-06-15T17:42:22Z">
          <params>
            <param index="0">
              <value>
                <![CDATA[[TestResult name=ShowcaseNewsRelease status=SUCCESS method=HomePageTC.ShowcaseNewsRelease()[pri:0, instance:test.HomePageTC@3dbd83b2] output={null}]]]>
              </value>
            </param>
          </params>
          <reporter-output>
          </reporter-output>
        </test-method> <!-- quit -->
        <test-method status="PASS" signature="InitialiseTest()[pri:0, instance:test.HomePageTC@3dbd83b2]" name="InitialiseTest" is-config="true" duration-ms="70404" started-at="2015-06-15T17:42:22Z" finished-at="2015-06-15T17:43:32Z">
          <reporter-output>
          </reporter-output>
        </test-method> <!-- InitialiseTest -->
        <test-method status="PASS" signature="FeaturedCompany()[pri:0, instance:test.HomePageTC@3dbd83b2]" name="FeaturedCompany" duration-ms="61094" started-at="2015-06-15T17:43:32Z" finished-at="2015-06-15T17:44:33Z">
          <reporter-output>
          </reporter-output>
        </test-method> <!-- FeaturedCompany -->
        <test-method status="PASS" signature="quit(org.testng.ITestResult)[pri:0, instance:test.HomePageTC@3dbd83b2]" name="quit" is-config="true" duration-ms="3439" started-at="2015-06-15T17:44:33Z" finished-at="2015-06-15T17:44:37Z">
          <params>
            <param index="0">
              <value>
                <![CDATA[[TestResult name=FeaturedCompany status=SUCCESS method=HomePageTC.FeaturedCompany()[pri:0, instance:test.HomePageTC@3dbd83b2] output={null}]]]>
              </value>
            </param>
          </params>
          <reporter-output>
          </reporter-output>
        </test-method> <!-- quit -->
        <test-method status="PASS" signature="InitialiseTest()[pri:0, instance:test.HomePageTC@3dbd83b2]" name="InitialiseTest" is-config="true" duration-ms="69005" started-at="2015-06-15T17:44:37Z" finished-at="2015-06-15T17:45:46Z">
          <reporter-output>
          </reporter-output>
        </test-method> <!-- InitialiseTest -->
        <test-method status="FAIL" signature="VideoShowcase()[pri:0, instance:test.HomePageTC@3dbd83b2]" name="VideoShowcase" duration-ms="95831" started-at="2015-06-15T17:45:46Z" finished-at="2015-06-15T17:47:22Z">
          <exception class="java.lang.AssertionError">
            <message>
              <![CDATA[expected [true] but found [false]]]>
            </message>
            <full-stacktrace>
              <![CDATA[java.lang.AssertionError: expected [true] but found [false]
	at org.testng.Assert.fail(Assert.java:94)
	at org.testng.Assert.failNotEquals(Assert.java:494)
	at org.testng.Assert.assertTrue(Assert.java:42)
	at org.testng.Assert.assertTrue(Assert.java:52)
	at test.HomePageTC.VideoShowcase(HomePageTC.java:440)
	at sun.reflect.NativeMethodAccessorImpl.invoke0(Native Method)
	at sun.reflect.NativeMethodAccessorImpl.invoke(NativeMethodAccessorImpl.java:57)
	at sun.reflect.DelegatingMethodAccessorImpl.invoke(DelegatingMethodAccessorImpl.java:43)
	at java.lang.reflect.Method.invoke(Method.java:601)
	at org.testng.internal.MethodInvocationHelper.invokeMethod(MethodInvocationHelper.java:84)
	at org.testng.internal.Invoker.invokeMethod(Invoker.java:714)
	at org.testng.internal.Invoker.invokeTestMethod(Invoker.java:901)
	at org.testng.internal.Invoker.invokeTestMethods(Invoker.java:1231)
	at org.testng.internal.TestMethodWorker.invokeTestMethods(TestMethodWorker.java:127)
	at org.testng.internal.TestMethodWorker.run(TestMethodWorker.java:111)
	at org.testng.TestRunner.privateRun(TestRunner.java:767)
	at org.testng.TestRunner.run(TestRunner.java:617)
	at org.testng.SuiteRunner.runTest(SuiteRunner.java:334)
	at org.testng.SuiteRunner.runSequentially(SuiteRunner.java:329)
	at org.testng.SuiteRunner.privateRun(SuiteRunner.java:291)
	at org.testng.SuiteRunner.run(SuiteRunner.java:240)
	at org.testng.SuiteRunnerWorker.runSuite(SuiteRunnerWorker.java:52)
	at org.testng.SuiteRunnerWorker.run(SuiteRunnerWorker.java:86)
	at org.testng.TestNG.runSuitesSequentially(TestNG.java:1224)
	at org.testng.TestNG.runSuitesLocally(TestNG.java:1149)
	at org.testng.TestNG.run(TestNG.java:1057)
	at org.testng.remote.RemoteTestNG.run(RemoteTestNG.java:111)
	at org.testng.remote.RemoteTestNG.initAndRun(RemoteTestNG.java:204)
	at org.testng.remote.RemoteTestNG.main(RemoteTestNG.java:175)
]]>
            </full-stacktrace>
          </exception> <!-- java.lang.AssertionError -->
          <reporter-output>
          </reporter-output>
        </test-method> <!-- VideoShowcase -->
        <test-method status="PASS" signature="quit(org.testng.ITestResult)[pri:0, instance:test.HomePageTC@3dbd83b2]" name="quit" is-config="true" duration-ms="2539" started-at="2015-06-15T17:47:22Z" finished-at="2015-06-15T17:47:24Z">
          <params>
            <param index="0">
              <value>
                <![CDATA[[TestResult name=VideoShowcase status=FAILURE method=HomePageTC.VideoShowcase()[pri:0, instance:test.HomePageTC@3dbd83b2] output={null}]]]>
              </value>
            </param>
          </params>
          <reporter-output>
          </reporter-output>
        </test-method> <!-- quit -->
        <test-method status="PASS" signature="InitialiseTest()[pri:0, instance:test.HomePageTC@3dbd83b2]" name="InitialiseTest" is-config="true" duration-ms="95119" started-at="2015-06-15T17:47:24Z" finished-at="2015-06-15T17:48:59Z">
          <reporter-output>
          </reporter-output>
        </test-method> <!-- InitialiseTest -->
        <test-method status="PASS" signature="PrivateEquity()[pri:0, instance:test.HomePageTC@3dbd83b2]" name="PrivateEquity" duration-ms="61118" started-at="2015-06-15T17:48:59Z" finished-at="2015-06-15T17:50:00Z">
          <reporter-output>
          </reporter-output>
        </test-method> <!-- PrivateEquity -->
        <test-method status="PASS" signature="quit(org.testng.ITestResult)[pri:0, instance:test.HomePageTC@3dbd83b2]" name="quit" is-config="true" duration-ms="1121" started-at="2015-06-15T17:50:00Z" finished-at="2015-06-15T17:50:02Z">
          <params>
            <param index="0">
              <value>
                <![CDATA[[TestResult name=PrivateEquity status=SUCCESS method=HomePageTC.PrivateEquity()[pri:0, instance:test.HomePageTC@3dbd83b2] output={null}]]]>
              </value>
            </param>
          </params>
          <reporter-output>
          </reporter-output>
        </test-method> <!-- quit -->
        <test-method status="PASS" signature="CloseDriverAndBrowser()[pri:0, instance:test.HomePageTC@3dbd83b2]" name="CloseDriverAndBrowser" is-config="true" duration-ms="0" started-at="2015-06-15T17:50:02Z" finished-at="2015-06-15T17:50:02Z">
          <reporter-output>
          </reporter-output>
        </test-method> <!-- CloseDriverAndBrowser -->
      </class> <!-- test.HomePageTC -->
    </test> <!-- Default test -->
  </suite> <!-- Default suite -->
</testng-results>
